# JRE version: OpenJDK Runtime Environment (8.0_212-b04) (build 1.8.0_212-release-1586-b04)
# Java VM: OpenJDK 64-Bit Server VM (25.212-b04 mixed mode windows-amd64 compressed oops)
Heap:
 PSYoungGen      total 350720K, used 184226K [0x00000000d5580000, 0x00000000eda00000, 0x0000000100000000)
  eden space 309760K, 49% used [0x00000000d5580000,0x00000000dea7b1e8,0x00000000e8400000)
  from space 40960K, 77% used [0x00000000e8400000,0x00000000ea2ed6d8,0x00000000eac00000)
  to   space 43008K, 0% used [0x00000000eb000000,0x00000000eb000000,0x00000000eda00000)
 ParOldGen       total 145920K, used 72323K [0x0000000080000000, 0x0000000088e80000, 0x00000000d5580000)
  object space 145920K, 49% used [0x0000000080000000,0x00000000846a0d08,0x0000000088e80000)
 Metaspace       used 98267K, capacity 104804K, committed 105000K, reserved 1140736K
  class space    used 12458K, capacity 13577K, committed 13608K, reserved 1048576K
GC Heap History (10 events):
Event: 27196.659 GC heap before
{Heap before GC invocations=63 (full 4):
 PSYoungGen      total 344576K, used 320525K [0x00000000d5580000, 0x00000000ed080000, 0x0000000100000000)
  eden space 304128K, 100% used [0x00000000d5580000,0x00000000e7e80000,0x00000000e7e80000)
  from space 40448K, 40% used [0x00000000ea900000,0x00000000eb903648,0x00000000ed080000)
  to   space 41984K, 0% used [0x00000000e7e80000,0x00000000e7e80000,0x00000000ea780000)
 ParOldGen       total 145920K, used 71314K [0x0000000080000000, 0x0000000088e80000, 0x00000000d5580000)
  object space 145920K, 48% used [0x0000000080000000,0x00000000845a48f0,0x0000000088e80000)
 Metaspace       used 97908K, capacity 104496K, committed 104744K, reserved 1140736K
  class space    used 12427K, capacity 13543K, committed 13608K, reserved 1048576K
Event: 27196.710 GC heap after
Heap after GC invocations=63 (full 4):
 PSYoungGen      total 346112K, used 21925K [0x00000000d5580000, 0x00000000ed200000, 0x0000000100000000)
  eden space 304128K, 0% used [0x00000000d5580000,0x00000000d5580000,0x00000000e7e80000)
  from space 41984K, 52% used [0x00000000e7e80000,0x00000000e93e97c8,0x00000000ea780000)
  to   space 40448K, 0% used [0x00000000eaa80000,0x00000000eaa80000,0x00000000ed200000)
 ParOldGen       total 145920K, used 71354K [0x0000000080000000, 0x0000000088e80000, 0x00000000d5580000)
  object space 145920K, 48% used [0x0000000080000000,0x00000000845ae8f0,0x0000000088e80000)
 Metaspace       used 97908K, capacity 104496K, committed 104744K, reserved 1140736K
  class space    used 12427K, capacity 13543K, committed 13608K, reserved 1048576K
}
Event: 27495.327 GC heap before
{Heap before GC invocations=64 (full 4):
 PSYoungGen      total 346112K, used 326053K [0x00000000d5580000, 0x00000000ed200000, 0x0000000100000000)
  eden space 304128K, 100% used [0x00000000d5580000,0x00000000e7e80000,0x00000000e7e80000)
  from space 41984K, 52% used [0x00000000e7e80000,0x00000000e93e97c8,0x00000000ea780000)
  to   space 40448K, 0% used [0x00000000eaa80000,0x00000000eaa80000,0x00000000ed200000)
 ParOldGen       total 145920K, used 71354K [0x0000000080000000, 0x0000000088e80000, 0x00000000d5580000)
  object space 145920K, 48% used [0x0000000080000000,0x00000000845ae8f0,0x0000000088e80000)
 Metaspace       used 97948K, capacity 104496K, committed 104744K, reserved 1140736K
  class space    used 12428K, capacity 13543K, committed 13608K, reserved 1048576K
Event: 27495.350 GC heap after
Heap after GC invocations=64 (full 4):
 PSYoungGen      total 347648K, used 8794K [0x00000000d5580000, 0x00000000ed400000, 0x0000000100000000)
  eden space 307200K, 0% used [0x00000000d5580000,0x00000000d5580000,0x00000000e8180000)
  from space 40448K, 21% used [0x00000000eaa80000,0x00000000eb3168c8,0x00000000ed200000)
  to   space 41984K, 0% used [0x00000000e8180000,0x00000000e8180000,0x00000000eaa80000)
 ParOldGen       total 145920K, used 71771K [0x0000000080000000, 0x0000000088e80000, 0x00000000d5580000)
  object space 145920K, 49% used [0x0000000080000000,0x0000000084616d08,0x0000000088e80000)
 Metaspace       used 97948K, capacity 104496K, committed 104744K, reserved 1140736K
  class space    used 12428K, capacity 13543K, committed 13608K, reserved 1048576K
}
Event: 27656.268 GC heap before
{Heap before GC invocations=65 (full 4):
 PSYoungGen      total 347648K, used 315994K [0x00000000d5580000, 0x00000000ed400000, 0x0000000100000000)
  eden space 307200K, 100% used [0x00000000d5580000,0x00000000e8180000,0x00000000e8180000)
  from space 40448K, 21% used [0x00000000eaa80000,0x00000000eb3168c8,0x00000000ed200000)
  to   space 41984K, 0% used [0x00000000e8180000,0x00000000e8180000,0x00000000eaa80000)
 ParOldGen       total 145920K, used 71771K [0x0000000080000000, 0x0000000088e80000, 0x00000000d5580000)
  object space 145920K, 49% used [0x0000000080000000,0x0000000084616d08,0x0000000088e80000)
 Metaspace       used 97998K, capacity 104496K, committed 104744K, reserved 1140736K
  class space    used 12428K, capacity 13543K, committed 13608K, reserved 1048576K
Event: 27656.308 GC heap after
Heap after GC invocations=65 (full 4):
 PSYoungGen      total 349184K, used 12845K [0x00000000d5580000, 0x00000000ed580000, 0x0000000100000000)
  eden space 307200K, 0% used [0x00000000d5580000,0x00000000d5580000,0x00000000e8180000)
  from space 41984K, 30% used [0x00000000e8180000,0x00000000e8e0b758,0x00000000eaa80000)
  to   space 41472K, 0% used [0x00000000ead00000,0x00000000ead00000,0x00000000ed580000)
 ParOldGen       total 145920K, used 71835K [0x0000000080000000, 0x0000000088e80000, 0x00000000d5580000)
  object space 145920K, 49% used [0x0000000080000000,0x0000000084626d08,0x0000000088e80000)
 Metaspace       used 97998K, capacity 104496K, committed 104744K, reserved 1140736K
  class space    used 12428K, capacity 13543K, committed 13608K, reserved 1048576K
}
Event: 28704.962 GC heap before
{Heap before GC invocations=66 (full 4):
 PSYoungGen      total 349184K, used 320045K [0x00000000d5580000, 0x00000000ed580000, 0x0000000100000000)
  eden space 307200K, 100% used [0x00000000d5580000,0x00000000e8180000,0x00000000e8180000)
  from space 41984K, 30% used [0x00000000e8180000,0x00000000e8e0b758,0x00000000eaa80000)
  to   space 41472K, 0% used [0x00000000ead00000,0x00000000ead00000,0x00000000ed580000)
 ParOldGen       total 145920K, used 71835K [0x0000000080000000, 0x0000000088e80000, 0x00000000d5580000)
  object space 145920K, 49% used [0x0000000080000000,0x0000000084626d08,0x0000000088e80000)
 Metaspace       used 98041K, capacity 104564K, committed 104744K, reserved 1140736K
  class space    used 12428K, capacity 13543K, committed 13608K, reserved 1048576K
Event: 28705.085 GC heap after
Heap after GC invocations=66 (full 4):
 PSYoungGen      total 349696K, used 14705K [0x00000000d5580000, 0x00000000ed400000, 0x0000000100000000)
  eden space 309760K, 0% used [0x00000000d5580000,0x00000000d5580000,0x00000000e8400000)
  from space 39936K, 36% used [0x00000000ead00000,0x00000000ebb5c5b0,0x00000000ed400000)
  to   space 40960K, 0% used [0x00000000e8400000,0x00000000e8400000,0x00000000eac00000)
 ParOldGen       total 145920K, used 72259K [0x0000000080000000, 0x0000000088e80000, 0x00000000d5580000)
  object space 145920K, 49% used [0x0000000080000000,0x0000000084690d08,0x0000000088e80000)
 Metaspace       used 98041K, capacity 104564K, committed 104744K, reserved 1140736K
  class space    used 12428K, capacity 13543K, committed 13608K, reserved 1048576K
}
Event: 29461.136 GC heap before
{Heap before GC invocations=67 (full 4):
 PSYoungGen      total 349696K, used 324465K [0x00000000d5580000, 0x00000000ed400000, 0x0000000100000000)
  eden space 309760K, 100% used [0x00000000d5580000,0x00000000e8400000,0x00000000e8400000)
  from space 39936K, 36% used [0x00000000ead00000,0x00000000ebb5c5b0,0x00000000ed400000)
  to   space 40960K, 0% used [0x00000000e8400000,0x00000000e8400000,0x00000000eac00000)
 ParOldGen       total 145920K, used 72259K [0x0000000080000000, 0x0000000088e80000, 0x00000000d5580000)
  object space 145920K, 49% used [0x0000000080000000,0x0000000084690d08,0x0000000088e80000)
 Metaspace       used 98103K, capacity 104564K, committed 104744K, reserved 1140736K
  class space    used 12429K, capacity 13543K, committed 13608K, reserved 1048576K
Event: 29461.382 GC heap after
Heap after GC invocations=67 (full 4):
 PSYoungGen      total 350720K, used 31669K [0x00000000d5580000, 0x00000000eda00000, 0x0000000100000000)
  eden space 309760K, 0% used [0x00000000d5580000,0x00000000d5580000,0x00000000e8400000)
  from space 40960K, 77% used [0x00000000e8400000,0x00000000ea2ed6d8,0x00000000eac00000)
  to   space 43008K, 0% used [0x00000000eb000000,0x00000000eb000000,0x00000000eda00000)
 ParOldGen       total 145920K, used 72323K [0x0000000080000000, 0x0000000088e80000, 0x00000000d5580000)
  object space 145920K, 49% used [0x0000000080000000,0x00000000846a0d08,0x0000000088e80000)
 Metaspace       used 98103K, capacity 104564K, committed 104744K, reserved 1140736K
  class space    used 12429K, capacity 13543K, committed 13608K, reserved 1048576K
}

